app/build/outputs/logs/manifest-merger-release-report.txt
-- Merging decision tree log ---
manifest
ADDED from src\main\AndroidManifest.xml:6:1-50:12
	package
		ADDED from src\main\AndroidManifest.xml:7:5-35
		INJECTED from src\main\AndroidManifest.xml
		INJECTED from src\main\AndroidManifest.xml
	android:versionName
		INJECTED from src\main\AndroidManifest.xml
		INJECTED from src\main\AndroidManifest.xml
	xmlns:android
		ADDED from src\main\AndroidManifest.xml:6:11-69
	android:versionCode
		INJECTED from src\main\AndroidManifest.xml
		INJECTED from src\main\AndroidManifest.xml
application
ADDED from src\main\AndroidManifest.xml:9:5-48:19
MERGED from [com.android.support:support-v4:23.4.0] AndroidManifest.xml:22:5-20
MERGED from [com.android.support:cardview-v7:23.4.0] AndroidManifest.xml:22:5-20
MERGED from [com.android.support:appcompat-v7:23.4.0] AndroidManifest.xml:25:5-20
MERGED from [com.android.support:animated-vector-drawable:23.4.0] AndroidManifest.xml:7:5-20
MERGED from [com.android.support:support-vector-drawable:23.4.0] AndroidManifest.xml:7:5-20
MERGED from [com.android.support:palette-v7:23.4.0] AndroidManifest.xml:22:5-23:19
	android:label
		ADDED from src\main\AndroidManifest.xml:12:9-41
	android:allowBackup
		ADDED from src\main\AndroidManifest.xml:10:9-35
	android:icon
		ADDED from src\main\AndroidManifest.xml:11:9-45
	android:theme
		ADDED from src\main\AndroidManifest.xml:13:9-44
activity#com.itheima.androidl.MainActivity
ADDED from src\main\AndroidManifest.xml:14:9-24:20
	android:label
		ADDED from src\main\AndroidManifest.xml:17:13-45
	android:windowSoftInputMode
		ADDED from src\main\AndroidManifest.xml:18:13-72
	android:configChanges
		ADDED from src\main\AndroidManifest.xml:16:13-63
	android:name
		ADDED from src\main\AndroidManifest.xml:15:13-61
intent-filter#android.intent.action.MAIN+android.intent.category.LAUNCHER
ADDED from src\main\AndroidManifest.xml:19:13-23:29
action#android.intent.action.MAIN
ADDED from src\main\AndroidManifest.xml:20:17-69
	android:name
		ADDED from src\main\AndroidManifest.xml:20:25-66
category#android.intent.category.LAUNCHER
ADDED from src\main\AndroidManifest.xml:22:17-77
	android:name
		ADDED from src\main\AndroidManifest.xml:22:27-74
activity#com.itheima.androidl.taransitions.TransitionsActivity
ADDED from src\main\AndroidManifest.xml:25:9-27:75
	android:configChanges
		ADDED from src\main\AndroidManifest.xml:27:13-63
	android:name
		ADDED from src\main\AndroidManifest.xml:26:13-81
activity#com.itheima.androidl.taransitions.ExplodeActivity
ADDED from src\main\AndroidManifest.xml:29:9-31:75
	android:configChanges
		ADDED from src\main\AndroidManifest.xml:31:13-63
	android:name
		ADDED from src\main\AndroidManifest.xml:30:13-77
activity#com.itheima.androidl.taransitions.FadeActivity
ADDED from src\main\AndroidManifest.xml:33:9-35:75
	android:configChanges
		ADDED from src\main\AndroidManifest.xml:35:13-63
	android:name
		ADDED from src\main\AndroidManifest.xml:34:13-74
activity#com.itheima.androidl.taransitions.SlideActivity
ADDED from src\main\AndroidManifest.xml:37:9-39:75
	android:configChanges
		ADDED from src\main\AndroidManifest.xml:39:13-63
	android:name
		ADDED from src\main\AndroidManifest.xml:38:13-75
activity#com.itheima.androidl.taransitions.ShareActivity
ADDED from src\main\AndroidManifest.xml:40:9-42:75
	android:configChanges
		ADDED from src\main\AndroidManifest.xml:42:13-63
	android:name
		ADDED from src\main\AndroidManifest.xml:41:13-75
activity#com.itheima.androidl.widget.WidgetActivity
ADDED from src\main\AndroidManifest.xml:44:9-47:59
	android:configChanges
		ADDED from src\main\AndroidManifest.xml:46:13-63
	android:theme
		ADDED from src\main\AndroidManifest.xml:47:13-47
	android:name
		ADDED from src\main\AndroidManifest.xml:45:13-70
uses-sdk
INJECTED from src\main\AndroidManifest.xml reason: use-sdk injection requested
MERGED from [com.android.support:recyclerview-v7:23.4.0] AndroidManifest.xml:20:5-43
MERGED from [com.android.support:support-v4:23.4.0] AndroidManifest.xml:20:5-43
MERGED from [com.android.support:cardview-v7:23.4.0] AndroidManifest.xml:20:5-43
MERGED from [com.android.support:appcompat-v7:23.4.0] AndroidManifest.xml:21:5-23:78
MERGED from [com.android.support:animated-vector-drawable:23.4.0] AndroidManifest.xml:5:5-44
MERGED from [com.android.support:support-vector-drawable:23.4.0] AndroidManifest.xml:5:5-43
MERGED from [com.android.support:palette-v7:23.4.0] AndroidManifest.xml:20:5-43
	tools:overrideLibrary
		ADDED from [com.android.support:appcompat-v7:23.4.0] AndroidManifest.xml:23:9-75
	android:targetSdkVersion
		INJECTED from src\main\AndroidManifest.xml
		INJECTED from src\main\AndroidManifest.xml
	android:minSdkVersion
		INJECTED from src\main\AndroidManifest.xml
		INJECTED from src\main\AndroidManifest.xml